<?xml version="1.0" encoding="UTF-8"?>
<!-- Generated by org.testng.reporters.JUnitReportReporter -->
<testsuite hostname="DESKTOP-5OAK7BC" failures="0" tests="1" name="muthusundar.ExtentReport.ExtentReportDemo" time="4.965" errors="0" timestamp="2025-04-10T21:46:27 IST" skipped="0">
  <testcase classname="muthusundar.ExtentReport.ExtentReportDemo" name="initialDemo" time="4.965"/>
</testsuite> <!-- muthusundar.ExtentReport.ExtentReportDemo -->
